<?xml version="1.0" encoding="UTF-8"?>
<!-- Generated by org.testng.reporters.JUnitReportReporter -->
<testsuite hostname="LAPTOP-DENRBFPO" failures="0" tests="1" name="crudOperationsTest.PostOPerations" time="6.076" errors="0" timestamp="2024-08-13T11:22:05 IST" skipped="0">
  <testcase classname="crudOperationsTest.PostOPerations" name="addSingleProjectWithCreated" time="6.076"/>
  <system-out/>
</testsuite> <!-- crudOperationsTest.PostOPerations -->
